<?xml version="1.0" encoding="UTF-8"?>
<!-- Generated by org.testng.reporters.JUnitXMLReporter -->
<testsuite ignored="0" hostname="DESKTOP-ELFDVU0" failures="1" tests="9" name="IFDS" time="45.589" errors="0" timestamp="2021-02-07T21:24:33 MST">
  <testcase classname="seleniumpoc.IFDS" name="CustomerMenuNavigation" time="7.138"/>
  <testcase classname="seleniumpoc.IFDS" name="CustomerMenuNavigation" time="3.154"/>
  <testcase classname="seleniumpoc.IFDS" name="CustomerMenuNavigation" time="3.333"/>
  <testcase classname="seleniumpoc.IFDS" name="CustomerMenuNavigation" time="3.242">
    <failure type="java.lang.AssertionError" message="HeaderVerificationFailed expected [Distributing1] but found [Distributing]">
      <![CDATA[java.lang.AssertionError: HeaderVerificationFailed expected [Distributing1] but found [Distributing]
at org.testng.Assert.fail(Assert.java:99)
at org.testng.Assert.failNotEquals(Assert.java:1037)
at org.testng.Assert.assertEqualsImpl(Assert.java:140)
at org.testng.Assert.assertEquals(Assert.java:122)
at org.testng.Assert.assertEquals(Assert.java:629)
at seleniumpoc.IFDS.CustomerMenuNavigation(IFDS.java:38)
at java.base/jdk.internal.reflect.NativeMethodAccessorImpl.invoke0(Native Method)
at java.base/jdk.internal.reflect.NativeMethodAccessorImpl.invoke(NativeMethodAccessorImpl.java:64)
at java.base/jdk.internal.reflect.DelegatingMethodAccessorImpl.invoke(DelegatingMethodAccessorImpl.java:43)
at java.base/java.lang.reflect.Method.invoke(Method.java:564)
at org.testng.internal.MethodInvocationHelper.invokeMethod(MethodInvocationHelper.java:132)
at org.testng.internal.TestInvoker.invokeMethod(TestInvoker.java:599)
at org.testng.internal.TestInvoker.invokeTestMethod(TestInvoker.java:174)
at org.testng.internal.MethodRunner.runInSequence(MethodRunner.java:46)
at org.testng.internal.TestInvoker$MethodInvocationAgent.invoke(TestInvoker.java:822)
at org.testng.internal.TestInvoker.invokeTestMethods(TestInvoker.java:147)
at org.testng.internal.TestMethodWorker.invokeTestMethods(TestMethodWorker.java:146)
at org.testng.internal.TestMethodWorker.run(TestMethodWorker.java:128)
at java.base/java.util.ArrayList.forEach(ArrayList.java:1511)
at org.testng.TestRunner.privateRun(TestRunner.java:764)
at org.testng.TestRunner.run(TestRunner.java:585)
at org.testng.SuiteRunner.runTest(SuiteRunner.java:384)
at org.testng.SuiteRunner.access$000(SuiteRunner.java:28)
at org.testng.SuiteRunner$SuiteWorker.run(SuiteRunner.java:425)
at org.testng.internal.thread.ThreadUtil.lambda$execute$0(ThreadUtil.java:66)
at java.base/java.util.concurrent.FutureTask.run(FutureTask.java:264)
at java.base/java.util.concurrent.ThreadPoolExecutor.runWorker(ThreadPoolExecutor.java:1130)
at java.base/java.util.concurrent.ThreadPoolExecutor$Worker.run(ThreadPoolExecutor.java:630)
at java.base/java.lang.Thread.run(Thread.java:832)
]]>
    </failure>
  </testcase> <!-- CustomerMenuNavigation -->
  <testcase classname="seleniumpoc.IFDS" name="CustomerMenuNavigation" time="2.782"/>
  <testcase classname="seleniumpoc.IFDS" name="SupportMenuNavigation" time="2.119"/>
  <testcase classname="seleniumpoc.IFDS" name="SupportMenuNavigation" time="4.541"/>
  <testcase classname="seleniumpoc.IFDS" name="SupportMenuNavigation" time="3.112"/>
  <testcase classname="seleniumpoc.IFDS" name="SupportMenuNavigation" time="2.788"/>
</testsuite> <!-- IFDS -->
