<?xml version="1.0" encoding="UTF-8"?>
<!-- Generated by org.testng.reporters.JUnitReportReporter -->
<testsuite hostname="DESKTOP-ELFDVU0" failures="1" tests="8" name="com.Plexus.TestCases.VerifySignInPage" time="23.120" errors="0" timestamp="2021-02-10T20:44:42 MST" skipped="0">
  <testcase classname="com.Plexus.TestCases.VerifySignInPage" name="Test7_VerifyHelpCentereONClickingHelpCenterLink" time="3.492"/>
  <system-out/>
  <testcase classname="com.Plexus.TestCases.VerifySignInPage" name="Test3_VerifyPhoneEN" time="0.095"/>
  <system-out/>
  <testcase classname="com.Plexus.TestCases.VerifySignInPage" name="Test5_VerifyHomePageONClickingPlexusLogo" time="8.297"/>
  <system-out/>
  <testcase classname="com.Plexus.TestCases.VerifySignInPage" name="Test2_VerifyChatContactMenu" time="2.918"/>
  <system-out/>
  <testcase classname="com.Plexus.TestCases.VerifySignInPage" name="Test8_VerifyHelpCentereONClickingMenu" time="0.970">
    <failure message="The following asserts failed:
	Contact Us page not Displayed expected [Contact US PAge] but found [The page you were looking for doesn&#039;t exist – Plexus Worldwide],
	Account Help Center page is not displayed expected [Plexus Worldwide] but found [Login | Plexus Worldwide]" type="java.lang.AssertionError">
      <![CDATA[java.lang.AssertionError: The following asserts failed:
Contact Us page not Displayed expected [Contact US PAge] but found [The page you were looking for doesn't exist – Plexus Worldwide],
Account Help Center page is not displayed expected [Plexus Worldwide] but found [Login | Plexus Worldwide]
at org.testng.asserts.SoftAssert.assertAll(SoftAssert.java:47)
at org.testng.asserts.SoftAssert.assertAll(SoftAssert.java:31)
at com.Plexus.TestCases.VerifySignInPage.Test8_VerifyHelpCentereONClickingMenu(VerifySignInPage.java:132)
at java.base/jdk.internal.reflect.NativeMethodAccessorImpl.invoke0(Native Method)
at java.base/jdk.internal.reflect.NativeMethodAccessorImpl.invoke(NativeMethodAccessorImpl.java:64)
at java.base/jdk.internal.reflect.DelegatingMethodAccessorImpl.invoke(DelegatingMethodAccessorImpl.java:43)
at java.base/java.lang.reflect.Method.invoke(Method.java:564)
at org.testng.internal.MethodInvocationHelper.invokeMethod(MethodInvocationHelper.java:132)
at org.testng.internal.TestInvoker.invokeMethod(TestInvoker.java:599)
at org.testng.internal.TestInvoker.invokeTestMethod(TestInvoker.java:174)
at org.testng.internal.MethodRunner.runInSequence(MethodRunner.java:46)
at org.testng.internal.TestInvoker$MethodInvocationAgent.invoke(TestInvoker.java:822)
at org.testng.internal.TestInvoker.invokeTestMethods(TestInvoker.java:147)
at org.testng.internal.TestMethodWorker.invokeTestMethods(TestMethodWorker.java:146)
at org.testng.internal.TestMethodWorker.run(TestMethodWorker.java:128)
at java.base/java.util.ArrayList.forEach(ArrayList.java:1511)
at org.testng.TestRunner.privateRun(TestRunner.java:764)
at org.testng.TestRunner.run(TestRunner.java:585)
at org.testng.SuiteRunner.runTest(SuiteRunner.java:384)
at org.testng.SuiteRunner.runSequentially(SuiteRunner.java:378)
at org.testng.SuiteRunner.privateRun(SuiteRunner.java:337)
at org.testng.SuiteRunner.run(SuiteRunner.java:286)
at org.testng.SuiteRunnerWorker.runSuite(SuiteRunnerWorker.java:53)
at org.testng.SuiteRunnerWorker.run(SuiteRunnerWorker.java:96)
at org.testng.TestNG.runSuitesSequentially(TestNG.java:1218)
at org.testng.TestNG.runSuitesLocally(TestNG.java:1140)
at org.testng.TestNG.runSuites(TestNG.java:1069)
at org.testng.TestNG.run(TestNG.java:1037)
at org.testng.remote.AbstractRemoteTestNG.run(AbstractRemoteTestNG.java:115)
at org.testng.remote.RemoteTestNG.initAndRun(RemoteTestNG.java:251)
at org.testng.remote.RemoteTestNG.main(RemoteTestNG.java:77)
]]>
    </failure>
  </testcase> <!-- Test8_VerifyHelpCentereONClickingMenu -->
  <system-out/>
  <testcase classname="com.Plexus.TestCases.VerifySignInPage" name="Test1_VerifyPlexusLogo" time="2.481"/>
  <system-out/>
  <testcase classname="com.Plexus.TestCases.VerifySignInPage" name="Test6_VerifyContactUSLink" time="4.763"/>
  <system-out/>
  <testcase classname="com.Plexus.TestCases.VerifySignInPage" name="Test4_VerifyPhoneES" time="0.104"/>
  <system-out/>
</testsuite> <!-- com.Plexus.TestCases.VerifySignInPage -->
